<?xml version="1.0" encoding="UTF-8"?>
<!-- Generated by org.testng.reporters.JUnitReportReporter -->
<testsuite hostname="NX00560" failures="0" tests="8" name="testcases.RolesAndPermissionModule" time="29.573" errors="0" timestamp="2023-02-22T15:20:18 PKT" skipped="0">
  <testcase classname="testcases.RolesAndPermissionModule" name="TS_138RPModule" time="0.743"/>
  <system-out/>
  <testcase classname="testcases.RolesAndPermissionModule" name="TS_139addRole" time="1.215"/>
  <system-out/>
  <testcase classname="testcases.RolesAndPermissionModule" name="TS_140selectRole" time="0.254"/>
  <system-out/>
  <testcase classname="testcases.RolesAndPermissionModule" name="TS_141rolePermission" time="3.129"/>
  <system-out/>
  <testcase classname="testcases.RolesAndPermissionModule" name="TS_142editRole" time="1.129"/>
  <system-out/>
  <testcase classname="testcases.RolesAndPermissionModule" name="TS_143delRole" time="5.508"/>
  <system-out/>
  <testcase classname="testcases.RolesAndPermissionModule" name="TS_144filtersRole" time="12.389"/>
  <system-out/>
  <testcase classname="testcases.RolesAndPermissionModule" name="TS_145searchRole" time="5.206"/>
  <system-out/>
</testsuite> <!-- testcases.RolesAndPermissionModule -->
