<?xml version="1.0" encoding="UTF-8"?>
<!-- Generated by org.testng.reporters.JUnitReportReporter -->
<testsuite hostname="NX00560" failures="0" tests="1" name="testcases.MOLibrary" time="0.540" errors="0" timestamp="2022-11-30T15:13:37 PKT" skipped="0">
  <testcase classname="testcases.MOLibrary" name="TS_32jobsModule" time="0.540"/>
  <system-out/>
</testsuite> <!-- testcases.MOLibrary -->
