<?xml version="1.0" encoding="UTF-8"?>
<!-- Generated by org.testng.reporters.JUnitReportReporter -->
<testsuite hostname="NX00560" failures="0" tests="6" name="testcases.MenusModule" time="34.631" errors="0" timestamp="2023-02-22T18:04:54 PKT" skipped="0">
  <testcase classname="testcases.MenusModule" name="TS_146menuModule" time="0.934"/>
  <system-out/>
  <testcase classname="testcases.MenusModule" name="TS_147editMenus" time="0.868"/>
  <system-out/>
  <testcase classname="testcases.MenusModule" name="TS_148editSubMenus" time="1.716"/>
  <system-out/>
  <testcase classname="testcases.MenusModule" name="TS_149delMenus" time="5.284"/>
  <system-out/>
  <testcase classname="testcases.MenusModule" name="TS_150filtersMenu" time="20.669"/>
  <system-out/>
  <testcase classname="testcases.MenusModule" name="TS_151searchMenus" time="5.160"/>
  <system-out/>
</testsuite> <!-- testcases.MenusModule -->
