<?xml version="1.0" encoding="UTF-8"?>
<!-- Generated by org.testng.reporters.JUnitReportReporter -->
<testsuite hostname="NX00560" failures="0" tests="6" name="testcases.MediaLibrary" time="25.427" errors="0" timestamp="2022-11-30T15:37:51 PKT" skipped="0">
  <testcase classname="testcases.MediaLibrary" name="TS_73mediaLibraryModule" time="0.543"/>
  <system-out/>
  <testcase classname="testcases.MediaLibrary" name="TS_74addmediaLibrary" time="3.610"/>
  <system-out/>
  <testcase classname="testcases.MediaLibrary" name="TS_75editmediaLibrary" time="1.060"/>
  <system-out/>
  <testcase classname="testcases.MediaLibrary" name="TS_76delmediaLibrary" time="2.412"/>
  <system-out/>
  <testcase classname="testcases.MediaLibrary" name="TS_78filtersmediaLibrary" time="12.647"/>
  <system-out/>
  <testcase classname="testcases.MediaLibrary" name="TS_79searchmediaLibrary" time="5.155"/>
  <system-out/>
</testsuite> <!-- testcases.MediaLibrary -->
