<?xml version="1.0" encoding="UTF-8"?>
<!-- Generated by org.testng.reporters.JUnitReportReporter -->
<testsuite hostname="NX00560" failures="0" tests="6" name="testcases.ContactPageQueries" time="32.838" errors="0" timestamp="2022-12-08T18:38:45 PKT" skipped="0">
  <testcase classname="testcases.ContactPageQueries" name="TS_105contactPageQueriesModule" time="0.569"/>
  <system-out/>
  <testcase classname="testcases.ContactPageQueries" name="TS_106viewQuery" time="2.718"/>
  <system-out/>
  <testcase classname="testcases.ContactPageQueries" name="TS_107replyQuery" time="0.675"/>
  <system-out/>
  <testcase classname="testcases.ContactPageQueries" name="TS_108delQuery" time="2.715"/>
  <system-out/>
  <testcase classname="testcases.ContactPageQueries" name="TS_109filterspageQuery" time="20.974"/>
  <system-out/>
  <testcase classname="testcases.ContactPageQueries" name="TS_110searchpageQuery" time="5.187"/>
  <system-out/>
</testsuite> <!-- testcases.ContactPageQueries -->
