<?xml version="1.0" encoding="UTF-8"?>
<!-- Generated by org.testng.reporters.JUnitReportReporter -->
<testsuite hostname="NX00560" failures="0" tests="2" name="ui.Jobs" time="24.827" errors="0" timestamp="2022-09-09T13:41:01 PKT" skipped="0">
  <testcase classname="ui.Jobs" name="jobsModule" time="19.128"/>
  <system-out/>
  <testcase classname="ui.Jobs" name="LoginTest" time="5.699"/>
  <system-out/>
</testsuite> <!-- ui.Jobs -->
