<?xml version="1.0" encoding="UTF-8"?>
<!-- Generated by org.testng.reporters.JUnitReportReporter -->
<testsuite hostname="NX00560" failures="0" tests="7" name="testcases.SliderImages" time="27.889" errors="0" timestamp="2022-12-02T17:44:38 PKT" skipped="0">
  <testcase classname="testcases.SliderImages" name="TS_80sliderImagesModule" time="0.605"/>
  <system-out/>
  <testcase classname="testcases.SliderImages" name="TS_81addsliderImage" time="2.425"/>
  <system-out/>
  <testcase classname="testcases.SliderImages" name="TS_82editsliderImage" time="1.269"/>
  <system-out/>
  <testcase classname="testcases.SliderImages" name="TS_83delsliderImage" time="2.407"/>
  <system-out/>
  <testcase classname="testcases.SliderImages" name="TS_84filtersliderImage" time="12.697"/>
  <system-out/>
  <testcase classname="testcases.SliderImages" name="TS_85searchsliderImage" time="5.168"/>
  <system-out/>
  <testcase classname="testcases.SliderImages" name="TS_86sliderSetting" time="3.318"/>
  <system-out/>
</testsuite> <!-- testcases.SliderImages -->
