<?xml version="1.0" encoding="UTF-8"?>
<!-- Generated by org.testng.reporters.JUnitReportReporter -->
<testsuite hostname="NX00560" failures="0" tests="1" name="testcases.PostsModule" time="0.541" errors="0" timestamp="2022-11-30T15:14:51 PKT" skipped="0">
  <testcase classname="testcases.PostsModule" name="TS_18postModule" time="0.541"/>
  <system-out/>
</testsuite> <!-- testcases.PostsModule -->
