<?xml version="1.0" encoding="UTF-8"?>
<!-- Generated by org.testng.reporters.JUnitReportReporter -->
<testsuite hostname="NX00560" failures="0" tests="4" name="ui.TestNG_TestCases" time="48.057" errors="0" timestamp="2022-09-16T17:35:31 PKT" skipped="0">
  <testcase classname="ui.TestNG_TestCases" name="loginTest" time="6.547"/>
  <system-out/>
  <testcase classname="ui.TestNG_TestCases" name="verifyDashboardPageTitle" time="2.372"/>
  <system-out/>
  <testcase classname="ui.TestNG_TestCases" name="clientTest" time="18.207"/>
  <system-out/>
  <testcase classname="ui.TestNG_TestCases" name="postsTest" time="20.931"/>
  <system-out/>
</testsuite> <!-- ui.TestNG_TestCases -->
