<?xml version="1.0" encoding="UTF-8"?>
<!-- Generated by org.testng.reporters.JUnitReportReporter -->
<testsuite hostname="NX00560" failures="0" tests="2" name="testcases.Dasboard" time="2.440" errors="0" timestamp="2023-03-14T18:13:31 PKT" skipped="0">
  <testcase classname="testcases.Dasboard" name="TS_11dasboardModule" time="0.408"/>
  <system-out/>
  <testcase classname="testcases.Dasboard" name="TS_12dashboardWindowTitle" time="2.032"/>
  <system-out/>
</testsuite> <!-- testcases.Dasboard -->
