<?xml version="1.0" encoding="UTF-8"?>
<!-- Generated by org.testng.reporters.JUnitReportReporter -->
<testsuite hostname="NX00560" failures="0" tests="1" name="testcases.FAQ" time="0.554" errors="0" timestamp="2022-11-30T15:12:09 PKT" skipped="0">
  <testcase classname="testcases.FAQ" name="TS_62faqModule" time="0.554"/>
  <system-out/>
</testsuite> <!-- testcases.FAQ -->
