<?xml version="1.0" encoding="UTF-8"?>
<!-- Generated by org.testng.reporters.JUnitReportReporter -->
<testsuite hostname="NX00560" failures="0" tests="5" name="testcases.ChatbotFeedback" time="35.073" errors="0" timestamp="2022-12-16T16:31:37 PKT" skipped="0">
  <testcase classname="testcases.ChatbotFeedback" name="TS_117chatbotFeedbackModule" time="0.600"/>
  <system-out/>
  <testcase classname="testcases.ChatbotFeedback" name="TS_118viewchatbotFeedback" time="2.990"/>
  <system-out/>
  <testcase classname="testcases.ChatbotFeedback" name="TS_119delchatbotFeedback" time="5.568"/>
  <system-out/>
  <testcase classname="testcases.ChatbotFeedback" name="TS_120filterschatbotFeedback" time="20.721"/>
  <system-out/>
  <testcase classname="testcases.ChatbotFeedback" name="TS_121searchchatbotFeedback" time="5.194"/>
  <system-out/>
</testsuite> <!-- testcases.ChatbotFeedback -->
