<?xml version="1.0" encoding="UTF-8"?>
<!-- Generated by org.testng.reporters.JUnitReportReporter -->
<testsuite hostname="NX00560" failures="0" tests="4" name="testcases.StaticBlock" time="21.893" errors="0" timestamp="2023-01-09T18:29:26 PKT" skipped="0">
  <testcase classname="testcases.StaticBlock" name="TS_128staticBlockModule" time="2.895"/>
  <system-out/>
  <testcase classname="testcases.StaticBlock" name="TS_129editstaticBlock" time="1.250"/>
  <system-out/>
  <testcase classname="testcases.StaticBlock" name="TS_130filterstaticBlock" time="12.585"/>
  <system-out/>
  <testcase classname="testcases.StaticBlock" name="TS_131staticBlockSearch" time="5.163"/>
  <system-out/>
</testsuite> <!-- testcases.StaticBlock -->
