<?xml version="1.0" encoding="UTF-8"?>
<!-- Generated by org.testng.reporters.JUnitReportReporter -->
<testsuite hostname="NX00560" failures="0" tests="6" name="testcases.UsersModule" time="44.113" errors="0" timestamp="2023-01-11T18:43:14 PKT" skipped="0">
  <testcase classname="testcases.UsersModule" name="TS_132userModule" time="0.884"/>
  <system-out/>
  <testcase classname="testcases.UsersModule" name="TS_133addUser" time="2.371"/>
  <system-out/>
  <testcase classname="testcases.UsersModule" name="TS_134editUser" time="1.139"/>
  <system-out/>
  <testcase classname="testcases.UsersModule" name="TS_135delUser" time="5.518"/>
  <system-out/>
  <testcase classname="testcases.UsersModule" name="TS_136filtersUsers" time="28.947"/>
  <system-out/>
  <testcase classname="testcases.UsersModule" name="TS_139searchUsers" time="5.254"/>
  <system-out/>
</testsuite> <!-- testcases.UsersModule -->
