<?xml version="1.0" encoding="UTF-8"?>
<!-- Generated by org.testng.reporters.JUnitReportReporter -->
<testsuite hostname="NX00560" failures="0" tests="1" name="testcases.Jobs" time="0.685" errors="0" timestamp="2022-11-30T15:12:51 PKT" skipped="0">
  <testcase classname="testcases.Jobs" name="TS_25jobsModule" time="0.685"/>
  <system-out/>
</testsuite> <!-- testcases.Jobs -->
