<?xml version="1.0" encoding="UTF-8"?>
<!-- Generated by org.testng.reporters.JUnitReportReporter -->
<testsuite hostname="NX00560" failures="0" tests="1" name="testcases.NewsletterModule" time="0.557" errors="0" timestamp="2022-11-30T15:14:20 PKT" skipped="0">
  <testcase classname="testcases.NewsletterModule" name="TS_51newsletterModule" time="0.557"/>
  <system-out/>
</testsuite> <!-- testcases.NewsletterModule -->
