<?xml version="1.0" encoding="UTF-8"?>
<!-- Generated by org.testng.reporters.JUnitReportReporter -->
<testsuite hostname="NX00560" failures="0" tests="1" name="testcases.CMSPagesModule" time="0.547" errors="0" timestamp="2022-11-30T15:11:16 PKT" skipped="0">
  <testcase classname="testcases.CMSPagesModule" name="TS_44CMSPagesModule" time="0.547"/>
  <system-out/>
</testsuite> <!-- testcases.CMSPagesModule -->
