<?xml version="1.0" encoding="UTF-8"?>
<!-- Generated by org.testng.reporters.JUnitReportReporter -->
<testsuite hostname="NX00560" failures="0" tests="3" name="ui.CMS_Page" time="23.683" errors="0" timestamp="2022-09-09T13:36:34 PKT" skipped="0">
  <testcase classname="ui.CMS_Page" name="LoginTest" time="5.900"/>
  <system-out/>
  <testcase classname="ui.CMS_Page" name="cmsPage" time="0.671"/>
  <system-out/>
  <testcase classname="ui.CMS_Page" name="addCMSPage" time="17.112"/>
  <system-out/>
</testsuite> <!-- ui.CMS_Page -->
