<?xml version="1.0" encoding="UTF-8"?>
<!-- Generated by org.testng.reporters.JUnitReportReporter -->
<testsuite hostname="NX00560" failures="0" tests="7" name="ui.TestNG_LoginDemo" time="37.630" errors="0" timestamp="2022-09-07T16:10:49 PKT" skipped="0">
  <testcase classname="ui.TestNG_LoginDemo" name="LoginTest" time="5.748"/>
  <system-out/>
  <testcase classname="ui.TestNG_LoginDemo" name="verifyTitleDashboard" time="2.013"/>
  <system-out/>
  <testcase classname="ui.TestNG_LoginDemo" name="client" time="0.484"/>
  <system-out/>
  <testcase classname="ui.TestNG_LoginDemo" name="viewClient" time="11.288"/>
  <system-out/>
  <testcase classname="ui.TestNG_LoginDemo" name="delClient" time="0.621"/>
  <system-out/>
  <testcase classname="ui.TestNG_LoginDemo" name="postsModule" time="0.393"/>
  <system-out/>
  <testcase classname="ui.TestNG_LoginDemo" name="addPost" time="17.083"/>
  <system-out/>
</testsuite> <!-- ui.TestNG_LoginDemo -->
