<?xml version="1.0" encoding="UTF-8"?>
<!-- Generated by org.testng.reporters.JUnitReportReporter -->
<testsuite hostname="NX00560" failures="0" tests="1" name="ui.LoginTitleTestCase" time="2.017" errors="0" timestamp="2022-09-16T17:36:45 PKT" skipped="0">
  <testcase classname="ui.LoginTitleTestCase" name="loginTitleTest" time="2.017"/>
  <system-out/>
</testsuite> <!-- ui.LoginTitleTestCase -->
