<?xml version="1.0" encoding="UTF-8"?>
<!-- Generated by org.testng.reporters.JUnitReportReporter -->
<testsuite hostname="NX00560" failures="0" tests="12" name="testcases.OurTeam" time="76.343" errors="0" timestamp="2022-12-08T12:42:17 PKT" skipped="0">
  <testcase classname="testcases.OurTeam" name="TS_87ourTeamModule" time="0.623"/>
  <system-out/>
  <testcase classname="testcases.OurTeam" name="TS_88addteamMemberBtn" time="0.628"/>
  <system-out/>
  <testcase classname="testcases.OurTeam" name="TS_89addteamMember" time="5.079"/>
  <system-out/>
  <testcase classname="testcases.OurTeam" name="TS_90editteamMember" time="1.345"/>
  <system-out/>
  <testcase classname="testcases.OurTeam" name="TS_91delteamMember" time="2.362"/>
  <system-out/>
  <testcase classname="testcases.OurTeam" name="TS_92filtersteamMember" time="25.031"/>
  <system-out/>
  <testcase classname="testcases.OurTeam" name="TS_93searchteamMember" time="7.610"/>
  <system-out/>
  <testcase classname="testcases.OurTeam" name="TS_94addManagerProfile" time="3.782"/>
  <system-out/>
  <testcase classname="testcases.OurTeam" name="TS_95editManagerProfile" time="1.280"/>
  <system-out/>
  <testcase classname="testcases.OurTeam" name="TS_96delManagerProfile" time="2.463"/>
  <system-out/>
  <testcase classname="testcases.OurTeam" name="TS_97filtersManagerProfile" time="20.999"/>
  <system-out/>
  <testcase classname="testcases.OurTeam" name="TS_98searchManagerProfile" time="5.141"/>
  <system-out/>
</testsuite> <!-- testcases.OurTeam -->
