<?xml version="1.0" encoding="UTF-8"?>
<!-- Generated by org.testng.reporters.JUnitReportReporter -->
<testsuite hostname="NX00560" failures="0" tests="4" name="TestLogin.TestNG_LoginDemo" time="40.869" errors="0" timestamp="2022-09-05T16:06:11 PKT" skipped="0">
  <testcase classname="TestLogin.TestNG_LoginDemo" name="LoginTest" time="8.617"/>
  <system-out/>
  <testcase classname="TestLogin.TestNG_LoginDemo" name="verifyTitleDashboard" time="2.012"/>
  <system-out/>
  <testcase classname="TestLogin.TestNG_LoginDemo" name="clientsModule" time="12.870"/>
  <system-out/>
  <testcase classname="TestLogin.TestNG_LoginDemo" name="postsModule" time="17.370"/>
  <system-out/>
</testsuite> <!-- TestLogin.TestNG_LoginDemo -->
