<?xml version="1.0" encoding="UTF-8"?>
<!-- Generated by org.testng.reporters.JUnitReportReporter -->
<testsuite hostname="NX00560" failures="0" tests="1" name="pageobjectmodel.LoginTestCase" time="11.609" errors="0" timestamp="2022-10-05T12:49:14 PKT" skipped="0">
  <testcase classname="pageobjectmodel.LoginTestCase" name="loginTitleTest" time="11.609"/>
  <system-out/>
</testsuite> <!-- pageobjectmodel.LoginTestCase -->
