<?xml version="1.0" encoding="UTF-8"?>
<!-- Generated by org.testng.reporters.JUnitReportReporter -->
<testsuite hostname="NX00560" failures="0" tests="6" name="testcases.TrainingModule" time="47.816" errors="0" timestamp="2023-01-11T16:13:05 PKT" skipped="0">
  <testcase classname="testcases.TrainingModule" name="TS_99trainingModule" time="0.827"/>
  <system-out/>
  <testcase classname="testcases.TrainingModule" name="TS_100addTraining" time="10.070"/>
  <system-out/>
  <testcase classname="testcases.TrainingModule" name="TS_101editTraining" time="1.550"/>
  <system-out/>
  <testcase classname="testcases.TrainingModule" name="TS_102delTraining" time="5.320"/>
  <system-out/>
  <testcase classname="testcases.TrainingModule" name="TS_103filtersTraining" time="24.786"/>
  <system-out/>
  <testcase classname="testcases.TrainingModule" name="TS_104searchTraining" time="5.263"/>
  <system-out/>
</testsuite> <!-- testcases.TrainingModule -->
