<?xml version="1.0" encoding="UTF-8"?>
<!-- Generated by org.testng.reporters.JUnitReportReporter -->
<testsuite hostname="NX00560" failures="0" tests="6" name="testcases.SearchStatistics" time="21.020" errors="0" timestamp="2023-01-05T18:02:01 PKT" skipped="0">
  <testcase classname="testcases.SearchStatistics" name="TS_122searchStatisticsModule" time="2.771"/>
  <system-out/>
  <testcase classname="testcases.SearchStatistics" name="TS_123startandendDateSearch" time="4.194"/>
  <system-out/>
  <testcase classname="testcases.SearchStatistics" name="TS_124clearSearch" time="0.094"/>
  <system-out/>
  <testcase classname="testcases.SearchStatistics" name="TS_125exportButton" time="0.205"/>
  <system-out/>
  <testcase classname="testcases.SearchStatistics" name="TS_126filtersearchStatistic" time="8.598"/>
  <system-out/>
  <testcase classname="testcases.SearchStatistics" name="TS_127searchStatistics" time="5.158"/>
  <system-out/>
</testsuite> <!-- testcases.SearchStatistics -->
