<?xml version="1.0" encoding="UTF-8"?>
<!-- Generated by org.testng.reporters.JUnitReportReporter -->
<testsuite hostname="NX00560" failures="0" tests="6" name="testcases.ChatbotKnowledgeBase" time="30.831" errors="0" timestamp="2022-12-09T14:46:59 PKT" skipped="0">
  <testcase classname="testcases.ChatbotKnowledgeBase" name="TS_111chatbotKBModule" time="0.532"/>
  <system-out/>
  <testcase classname="testcases.ChatbotKnowledgeBase" name="TS_112addQuestion" time="2.113"/>
  <system-out/>
  <testcase classname="testcases.ChatbotKnowledgeBase" name="TS_113editQuestion" time="1.071"/>
  <system-out/>
  <testcase classname="testcases.ChatbotKnowledgeBase" name="TS_114delQuestion" time="5.405"/>
  <system-out/>
  <testcase classname="testcases.ChatbotKnowledgeBase" name="TS_115filtersQuestion" time="16.547"/>
  <system-out/>
  <testcase classname="testcases.ChatbotKnowledgeBase" name="TS_116searchQuestion" time="5.163"/>
  <system-out/>
</testsuite> <!-- testcases.ChatbotKnowledgeBase -->
