<?xml version="1.0" encoding="UTF-8"?>
<!-- Generated by org.testng.reporters.JUnitReportReporter -->
<testsuite hostname="NX00560" failures="0" tests="1" name="baseclass.BaseTest" time="12.687" errors="0" timestamp="2022-10-04T10:24:16 PKT" skipped="0">
  <testcase classname="baseclass.BaseTest" name="login" time="12.687"/>
  <system-out/>
</testsuite> <!-- baseclass.BaseTest -->
